2025-07-11T20:58:59.891+03:00  INFO 12996 --- [room_booking] [main] c.e.room_booking.RoomBookingApplication  : Starting RoomBookingApplication using Java 21.0.6 with PID 12996 (E:\SB_PP\room_booking\target\classes started by abdul in E:\SB_PP\room_booking)
2025-07-11T20:58:59.938+03:00 DEBUG 12996 --- [room_booking] [main] c.e.room_booking.RoomBookingApplication  : Running with Spring Boot v3.4.4, Spring v6.2.5
2025-07-11T20:58:59.938+03:00  INFO 12996 --- [room_booking] [main] c.e.room_booking.RoomBookingApplication  : No active profile set, falling back to 1 default profile: "default"
2025-07-11T20:59:01.958+03:00  INFO 12996 --- [room_booking] [main] .s.d.r.c.RepositoryConfigurationDelegate : Bootstrapping Spring Data JPA repositories in DEFAULT mode.
2025-07-11T20:59:02.054+03:00  INFO 12996 --- [room_booking] [main] .s.d.r.c.RepositoryConfigurationDelegate : Finished Spring Data repository scanning in 74 ms. Found 4 JPA repository interfaces.
2025-07-11T20:59:03.648+03:00  INFO 12996 --- [room_booking] [main] o.s.b.w.embedded.tomcat.TomcatWebServer  : Tomcat initialized with port 8080 (http)
2025-07-11T20:59:03.667+03:00  INFO 12996 --- [room_booking] [main] o.apache.catalina.core.StandardService   : Starting service [Tomcat]
2025-07-11T20:59:03.667+03:00  INFO 12996 --- [room_booking] [main] o.apache.catalina.core.StandardEngine    : Starting Servlet engine: [Apache Tomcat/10.1.39]
2025-07-11T20:59:03.772+03:00  INFO 12996 --- [room_booking] [main] o.a.c.c.C.[Tomcat].[localhost].[/]       : Initializing Spring embedded WebApplicationContext
2025-07-11T20:59:03.772+03:00  INFO 12996 --- [room_booking] [main] w.s.c.ServletWebServerApplicationContext : Root WebApplicationContext: initialization completed in 3708 ms
2025-07-11T20:59:04.397+03:00  INFO 12996 --- [room_booking] [main] o.hibernate.jpa.internal.util.LogHelper  : HHH000204: Processing PersistenceUnitInfo [name: default]
2025-07-11T20:59:04.492+03:00  INFO 12996 --- [room_booking] [main] org.hibernate.Version                    : HHH000412: Hibernate ORM core version 6.6.11.Final
2025-07-11T20:59:04.557+03:00  INFO 12996 --- [room_booking] [main] o.h.c.internal.RegionFactoryInitiator    : HHH000026: Second-level cache disabled
2025-07-11T20:59:04.740+03:00  INFO 12996 --- [room_booking] [main] o.h.e.boot.internal.EnversServiceImpl    : Envers integration enabled? : true
2025-07-11T20:59:05.025+03:00  INFO 12996 --- [room_booking] [main] o.s.o.j.p.SpringPersistenceUnitInfo      : No LoadTimeWeaver setup: ignoring JPA class transformer
2025-07-11T20:59:05.073+03:00  INFO 12996 --- [room_booking] [main] com.zaxxer.hikari.HikariDataSource       : HikariPool-1 - Starting...
2025-07-11T20:59:05.375+03:00  INFO 12996 --- [room_booking] [main] com.zaxxer.hikari.pool.HikariPool        : HikariPool-1 - Added connection conn0: url=jdbc:h2:mem:roomsDB user=SA
2025-07-11T20:59:05.375+03:00  INFO 12996 --- [room_booking] [main] com.zaxxer.hikari.HikariDataSource       : HikariPool-1 - Start completed.
2025-07-11T20:59:05.415+03:00  WARN 12996 --- [room_booking] [main] org.hibernate.orm.deprecation            : HHH90000025: H2Dialect does not need to be specified explicitly using 'hibernate.dialect' (remove the property setting and it will be selected by default)
2025-07-11T20:59:05.431+03:00  INFO 12996 --- [room_booking] [main] org.hibernate.orm.connections.pooling    : HHH10001005: Database info:
	Database JDBC URL [Connecting through datasource 'HikariDataSource (HikariPool-1)']
	Database driver: undefined/unknown
	Database version: 2.3.232
	Autocommit mode: undefined/unknown
	Isolation level: undefined/unknown
	Minimum pool size: undefined/unknown
	Maximum pool size: undefined/unknown
2025-07-11T20:59:07.037+03:00  INFO 12996 --- [room_booking] [main] o.h.e.t.j.p.i.JtaPlatformInitiator       : HHH000489: No JTA platform available (set 'hibernate.transaction.jta.platform' to enable JTA platform integration)
2025-07-11T20:59:07.139+03:00  INFO 12996 --- [room_booking] [main] j.LocalContainerEntityManagerFactoryBean : Initialized JPA EntityManagerFactory for persistence unit 'default'
2025-07-11T20:59:07.681+03:00 DEBUG 12996 --- [room_booking] [main] c.e.r.config.JwtAuthenticationFilter     : Filter 'jwtAuthenticationFilter' configured for use
2025-07-11T20:59:07.819+03:00  INFO 12996 --- [room_booking] [main] o.s.d.j.r.query.QueryEnhancerFactory     : Hibernate is in classpath; If applicable, HQL parser will be used.
2025-07-11T20:59:08.905+03:00  INFO 12996 --- [room_booking] [main] eAuthenticationProviderManagerConfigurer : Global AuthenticationManager configured with AuthenticationProvider bean with name authenticationProvider
2025-07-11T20:59:08.905+03:00  WARN 12996 --- [room_booking] [main] r$InitializeUserDetailsManagerConfigurer : Global AuthenticationManager configured with an AuthenticationProvider bean. UserDetailsService beans will not be used by Spring Security for automatically configuring username/password login. Consider removing the AuthenticationProvider bean. Alternatively, consider using the UserDetailsService in a manually instantiated DaoAuthenticationProvider. If the current configuration is intentional, to turn off this warning, increase the logging level of 'org.springframework.security.config.annotation.authentication.configuration.InitializeUserDetailsBeanManagerConfigurer' to ERROR
2025-07-11T20:59:10.349+03:00  INFO 12996 --- [room_booking] [main] o.s.b.a.e.web.EndpointLinksResolver      : Exposing 3 endpoints beneath base path '/actuator'
2025-07-11T20:59:11.362+03:00  INFO 12996 --- [room_booking] [main] o.s.b.a.h2.H2ConsoleAutoConfiguration    : H2 console available at '/h2-console'. Database available at 'jdbc:h2:mem:roomsDB'
2025-07-11T20:59:11.493+03:00  INFO 12996 --- [room_booking] [main] o.s.b.w.embedded.tomcat.TomcatWebServer  : Tomcat started on port 8080 (http) with context path '/'
2025-07-11T20:59:11.524+03:00  INFO 12996 --- [room_booking] [main] c.e.room_booking.RoomBookingApplication  : Started RoomBookingApplication in 12.441 seconds (process running for 13.207)
2025-07-11T21:00:08.909+03:00  INFO 12996 --- [room_booking] [http-nio-8080-exec-1] o.a.c.c.C.[Tomcat].[localhost].[/]       : Initializing Spring DispatcherServlet 'dispatcherServlet'
2025-07-11T21:00:08.909+03:00  INFO 12996 --- [room_booking] [http-nio-8080-exec-1] o.s.web.servlet.DispatcherServlet        : Initializing Servlet 'dispatcherServlet'
2025-07-11T21:00:08.921+03:00  INFO 12996 --- [room_booking] [http-nio-8080-exec-1] o.s.web.servlet.DispatcherServlet        : Completed initialization in 4 ms
2025-07-11T21:00:09.747+03:00  INFO 12996 --- [room_booking] [http-nio-8080-exec-7] c.e.room_booking.aspect.LoggingAspect    : Received API request /v3/api-docs/swagger-config [SwaggerConfigResource.openapiJson] by anonymousUser
2025-07-11T21:00:09.747+03:00  INFO 12996 --- [room_booking] [http-nio-8080-exec-7] c.e.room_booking.aspect.LoggingAspect    : Completed API request /v3/api-docs/swagger-config [SwaggerConfigResource.openapiJson] by anonymousUser in 0 ms
2025-07-11T21:00:09.828+03:00  INFO 12996 --- [room_booking] [http-nio-8080-exec-9] c.e.room_booking.aspect.LoggingAspect    : Received API request /v3/api-docs [OpenApiWebMvcResource.openapiJson] by anonymousUser
2025-07-11T21:00:10.350+03:00  INFO 12996 --- [room_booking] [http-nio-8080-exec-9] o.springdoc.api.AbstractOpenApiResource  : Init duration for springdoc-openapi is: 522 ms
2025-07-11T21:00:10.434+03:00  INFO 12996 --- [room_booking] [http-nio-8080-exec-9] c.e.room_booking.aspect.LoggingAspect    : Completed API request /v3/api-docs [OpenApiWebMvcResource.openapiJson] by anonymousUser in 608 ms
2025-07-11T21:03:44.714+03:00  INFO 12996 --- [room_booking] [SpringApplicationShutdownHook] o.s.b.w.e.tomcat.GracefulShutdown        : Commencing graceful shutdown. Waiting for active requests to complete
2025-07-11T21:03:44.730+03:00  INFO 12996 --- [room_booking] [tomcat-shutdown] o.s.b.w.e.tomcat.GracefulShutdown        : Graceful shutdown complete
2025-07-11T21:03:44.730+03:00  INFO 12996 --- [room_booking] [SpringApplicationShutdownHook] j.LocalContainerEntityManagerFactoryBean : Closing JPA EntityManagerFactory for persistence unit 'default'
2025-07-11T21:03:44.808+03:00  INFO 12996 --- [room_booking] [SpringApplicationShutdownHook] com.zaxxer.hikari.HikariDataSource       : HikariPool-1 - Shutdown initiated...
2025-07-11T21:03:44.839+03:00  INFO 12996 --- [room_booking] [SpringApplicationShutdownHook] com.zaxxer.hikari.HikariDataSource       : HikariPool-1 - Shutdown completed.
